---------------------------------------------------------------
[ 2018-03-19T23:40:10+08:00 ] 127.0.0.1 GET /index/index/search.html
[ info ] class_schedule.com/index/index/search.html [运行时间：0.151009s][吞吐率：6.62req/s] [内存消耗：2,022.60kb] [文件加载：52]
[ info ] [ LANG ] D:\phpStudy\WWW\class_schedule\thinkphp\lang\zh-cn.php
[ info ] [ ROUTE ] array (
  'type' => 'module',
  'module' => 
  array (
    0 => 'index',
    1 => 'index',
    2 => 'search',
  ),
)
[ info ] [ HEADER ] array (
  'cookie' => '__guid=127036383.1031573903326984700.1520603706485.4617; CNZZDATA1253778100=1343299433-1520924350-http%253A%252F%252Fclass_schedule.com%252F%7C1520924350; PHPSESSID=1bke74s9dt38tgbtfti4dt36a7; monitor_count=3479',
  'accept-language' => 'zh-CN,zh;q=0.8',
  'accept-encoding' => 'gzip, deflate, sdch',
  'referer' => 'http://class_schedule.com/',
  'accept' => 'text/html,application/xhtml+xml,application/xml;q=0.9,image/webp,*/*;q=0.8',
  'user-agent' => 'Mozilla/5.0 (Windows NT 6.1; WOW64) AppleWebKit/537.36 (KHTML, like Gecko) Chrome/55.0.2883.87 Safari/537.36',
  'upgrade-insecure-requests' => '1',
  'connection' => 'close',
  'host' => 'class_schedule.com',
)
[ info ] [ PARAM ] array (
  '/index/index/search_html' => '',
)
[ info ] [ RUN ] app\index\controller\Index->search[ D:\phpStudy\WWW\class_schedule\application\index\controller\Index.php ]
[ info ] [ SESSION ] INIT array (
  'id' => '',
  'var_session_id' => '',
  'prefix' => 'think',
  'type' => '',
  'auto_start' => true,
)
[ info ] [ DB ] INIT mysql
[ info ] [ VIEW ] D:\phpStudy\WWW\class_schedule\public/../application/index\view\index\search.html [ array (
  0 => 'text',
) ]
[ info ] [ LOG ] INIT File
[ sql ] [ DB ] CONNECT:[ UseTime:0.002000s ] mysql:host=127.0.0.1;dbname=class_schedule;charset=utf8
[ sql ] [ SQL ] SHOW COLUMNS FROM `schedule_info` [ RunTime:0.045003s ]
[ sql ] [ SQL ] SELECT * FROM `schedule_info` WHERE  `school_name` = '172' [ RunTime:0.001000s ]
[ sql ] [ SQL ] SELECT * FROM `schedule_info` WHERE  `class_name` = '172' [ RunTime:0.002000s ]
---------------------------------------------------------------
[ 2018-03-19T23:40:32+08:00 ] 127.0.0.1 GET /index/index/search.html
[ info ] class_schedule.com/index/index/search.html [运行时间：0.115007s][吞吐率：8.70req/s] [内存消耗：1,896.47kb] [文件加载：51]
[ info ] [ LANG ] D:\phpStudy\WWW\class_schedule\thinkphp\lang\zh-cn.php
[ info ] [ ROUTE ] array (
  'type' => 'module',
  'module' => 
  array (
    0 => 'index',
    1 => 'index',
    2 => 'search',
  ),
)
[ info ] [ HEADER ] array (
  'cookie' => '__guid=127036383.1031573903326984700.1520603706485.4617; CNZZDATA1253778100=1343299433-1520924350-http%253A%252F%252Fclass_schedule.com%252F%7C1520924350; PHPSESSID=1bke74s9dt38tgbtfti4dt36a7; monitor_count=3480',
  'accept-language' => 'zh-CN,zh;q=0.8',
  'accept-encoding' => 'gzip, deflate, sdch',
  'referer' => 'http://class_schedule.com/',
  'accept' => 'text/html,application/xhtml+xml,application/xml;q=0.9,image/webp,*/*;q=0.8',
  'user-agent' => 'Mozilla/5.0 (Windows NT 6.1; WOW64) AppleWebKit/537.36 (KHTML, like Gecko) Chrome/55.0.2883.87 Safari/537.36',
  'upgrade-insecure-requests' => '1',
  'cache-control' => 'max-age=0',
  'connection' => 'close',
  'host' => 'class_schedule.com',
)
[ info ] [ PARAM ] array (
  '/index/index/search_html' => '',
)
[ info ] [ RUN ] app\index\controller\Index->search[ D:\phpStudy\WWW\class_schedule\application\index\controller\Index.php ]
[ info ] [ SESSION ] INIT array (
  'id' => '',
  'var_session_id' => '',
  'prefix' => 'think',
  'type' => '',
  'auto_start' => true,
)
[ info ] [ DB ] INIT mysql
[ info ] [ VIEW ] D:\phpStudy\WWW\class_schedule\thinkphp\tpl\dispatch_jump.tpl [ array (
  0 => 'code',
  1 => 'msg',
  2 => 'data',
  3 => 'url',
  4 => 'wait',
) ]
[ info ] [ LOG ] INIT File
[ sql ] [ DB ] CONNECT:[ UseTime:0.001000s ] mysql:host=127.0.0.1;dbname=class_schedule;charset=utf8
[ sql ] [ SQL ] SHOW COLUMNS FROM `schedule_info` [ RunTime:0.028002s ]
[ sql ] [ SQL ] SELECT * FROM `schedule_info` WHERE  `school_name` IS NULL [ RunTime:0.005000s ]
[ sql ] [ SQL ] SELECT * FROM `schedule_info` WHERE  `class_name` IS NULL [ RunTime:0.002000s ]
---------------------------------------------------------------
[ 2018-03-19T23:40:36+08:00 ] 127.0.0.1 GET /
[ info ] class_schedule.com/ [运行时间：0.299017s][吞吐率：3.34req/s] [内存消耗：2,040.64kb] [文件加载：55]
[ info ] [ LANG ] D:\phpStudy\WWW\class_schedule\thinkphp\lang\zh-cn.php
[ info ] [ ROUTE ] array (
  'type' => 'module',
  'module' => 
  array (
    0 => '',
    1 => NULL,
    2 => NULL,
  ),
)
[ info ] [ HEADER ] array (
  'cookie' => '__guid=127036383.1031573903326984700.1520603706485.4617; CNZZDATA1253778100=1343299433-1520924350-http%253A%252F%252Fclass_schedule.com%252F%7C1520924350; PHPSESSID=1bke74s9dt38tgbtfti4dt36a7; monitor_count=3481',
  'accept-language' => 'zh-CN,zh;q=0.8',
  'accept-encoding' => 'gzip, deflate, sdch',
  'accept' => 'text/html,application/xhtml+xml,application/xml;q=0.9,image/webp,*/*;q=0.8',
  'user-agent' => 'Mozilla/5.0 (Windows NT 6.1; WOW64) AppleWebKit/537.36 (KHTML, like Gecko) Chrome/55.0.2883.87 Safari/537.36',
  'upgrade-insecure-requests' => '1',
  'connection' => 'close',
  'host' => 'class_schedule.com',
)
[ info ] [ PARAM ] array (
)
[ info ] [ RUN ] app\index\controller\Index->index[ D:\phpStudy\WWW\class_schedule\application\index\controller\Index.php ]
[ info ] [ SESSION ] INIT array (
  'id' => '',
  'var_session_id' => '',
  'prefix' => 'think',
  'type' => '',
  'auto_start' => true,
)
[ info ] [ DB ] INIT mysql
[ info ] [ VIEW ] D:\phpStudy\WWW\class_schedule\public/../application/index\view\index\index.html [ array (
  0 => 'sch_info',
  1 => 'updated',
  2 => 'mon',
  3 => 'tue',
  4 => 'wed',
  5 => 'thu',
  6 => 'fri',
  7 => 'sat',
  8 => 'sun',
  9 => 'schedule_id',
) ]
[ info ] [ LOG ] INIT File
[ sql ] [ DB ] CONNECT:[ UseTime:0.001000s ] mysql:host=127.0.0.1;dbname=class_schedule;charset=utf8
[ sql ] [ SQL ] SHOW COLUMNS FROM `schedule_info` [ RunTime:0.029001s ]
[ sql ] [ SQL ] SELECT * FROM `schedule_info` WHERE  `school_name` = '灵川中学'  AND `class_name` = '172' LIMIT 1 [ RunTime:0.001000s ]
[ sql ] [ SQL ] SHOW COLUMNS FROM `monday` [ RunTime:0.026002s ]
[ sql ] [ SQL ] SELECT * FROM `monday` WHERE  `monday_id` = 1 LIMIT 1 [ RunTime:0.001000s ]
[ sql ] [ SQL ] SHOW COLUMNS FROM `tuesday` [ RunTime:0.025001s ]
[ sql ] [ SQL ] SELECT * FROM `tuesday` WHERE  `tuesday_id` = 1 LIMIT 1 [ RunTime:0.002001s ]
[ sql ] [ SQL ] SHOW COLUMNS FROM `wednesday` [ RunTime:0.025001s ]
[ sql ] [ SQL ] SELECT * FROM `wednesday` WHERE  `wednesday_id` = 1 LIMIT 1 [ RunTime:0.000000s ]
[ sql ] [ SQL ] SHOW COLUMNS FROM `thursday` [ RunTime:0.034002s ]
[ sql ] [ SQL ] SELECT * FROM `thursday` WHERE  `thursday_id` = 1 LIMIT 1 [ RunTime:0.001000s ]
[ sql ] [ SQL ] SHOW COLUMNS FROM `friday` [ RunTime:0.029002s ]
[ sql ] [ SQL ] SELECT * FROM `friday` WHERE  `friday_id` = 1 LIMIT 1 [ RunTime:0.001000s ]
[ sql ] [ SQL ] SHOW COLUMNS FROM `saturday` [ RunTime:0.028002s ]
[ sql ] [ SQL ] SELECT * FROM `saturday` WHERE  `saturday_id` = 1 LIMIT 1 [ RunTime:0.001000s ]
[ sql ] [ SQL ] SHOW COLUMNS FROM `sunday` [ RunTime:0.027001s ]
[ sql ] [ SQL ] SELECT * FROM `sunday` WHERE  `sunday_id` = 1 LIMIT 1 [ RunTime:0.001000s ]
---------------------------------------------------------------
[ 2018-03-19T23:40:37+08:00 ] 127.0.0.1 POST /index/index/search_check.html
[ info ] class_schedule.com/index/index/search_check.html [运行时间：0.044003s][吞吐率：22.73req/s] [内存消耗：1,284.95kb] [文件加载：43]
[ info ] [ LANG ] D:\phpStudy\WWW\class_schedule\thinkphp\lang\zh-cn.php
[ info ] [ ROUTE ] array (
  'type' => 'module',
  'module' => 
  array (
    0 => 'index',
    1 => 'index',
    2 => 'search_check',
  ),
)
[ info ] [ HEADER ] array (
  'cookie' => '__guid=127036383.1031573903326984700.1520603706485.4617; CNZZDATA1253778100=1343299433-1520924350-http%253A%252F%252Fclass_schedule.com%252F%7C1520924350; PHPSESSID=1bke74s9dt38tgbtfti4dt36a7; monitor_count=3482',
  'accept-language' => 'zh-CN,zh;q=0.8',
  'accept-encoding' => 'gzip, deflate',
  'referer' => 'http://class_schedule.com/',
  'content-type' => 'application/x-www-form-urlencoded; charset=UTF-8',
  'user-agent' => 'Mozilla/5.0 (Windows NT 6.1; WOW64) AppleWebKit/537.36 (KHTML, like Gecko) Chrome/55.0.2883.87 Safari/537.36',
  'x-requested-with' => 'XMLHttpRequest',
  'origin' => 'http://class_schedule.com',
  'accept' => 'application/json, text/javascript, */*; q=0.01',
  'content-length' => '8',
  'connection' => 'close',
  'host' => 'class_schedule.com',
)
[ info ] [ PARAM ] array (
  '/index/index/search_check_html' => '',
  'text' => '172',
)
[ info ] [ RUN ] app\index\controller\Index->search_check[ D:\phpStudy\WWW\class_schedule\application\index\controller\Index.php ]
[ info ] [ SESSION ] INIT array (
  'id' => '',
  'var_session_id' => '',
  'prefix' => 'think',
  'type' => '',
  'auto_start' => true,
)
[ info ] [ LOG ] INIT File
---------------------------------------------------------------
[ 2018-03-19T23:40:38+08:00 ] 127.0.0.1 GET /index/index/search.html
[ info ] class_schedule.com/index/index/search.html [运行时间：0.135008s][吞吐率：7.41req/s] [内存消耗：2,022.39kb] [文件加载：52]
[ info ] [ LANG ] D:\phpStudy\WWW\class_schedule\thinkphp\lang\zh-cn.php
[ info ] [ ROUTE ] array (
  'type' => 'module',
  'module' => 
  array (
    0 => 'index',
    1 => 'index',
    2 => 'search',
  ),
)
[ info ] [ HEADER ] array (
  'cookie' => '__guid=127036383.1031573903326984700.1520603706485.4617; CNZZDATA1253778100=1343299433-1520924350-http%253A%252F%252Fclass_schedule.com%252F%7C1520924350; PHPSESSID=1bke74s9dt38tgbtfti4dt36a7; monitor_count=3482',
  'accept-language' => 'zh-CN,zh;q=0.8',
  'accept-encoding' => 'gzip, deflate, sdch',
  'referer' => 'http://class_schedule.com/',
  'accept' => 'text/html,application/xhtml+xml,application/xml;q=0.9,image/webp,*/*;q=0.8',
  'user-agent' => 'Mozilla/5.0 (Windows NT 6.1; WOW64) AppleWebKit/537.36 (KHTML, like Gecko) Chrome/55.0.2883.87 Safari/537.36',
  'upgrade-insecure-requests' => '1',
  'connection' => 'close',
  'host' => 'class_schedule.com',
)
[ info ] [ PARAM ] array (
  '/index/index/search_html' => '',
)
[ info ] [ RUN ] app\index\controller\Index->search[ D:\phpStudy\WWW\class_schedule\application\index\controller\Index.php ]
[ info ] [ SESSION ] INIT array (
  'id' => '',
  'var_session_id' => '',
  'prefix' => 'think',
  'type' => '',
  'auto_start' => true,
)
[ info ] [ DB ] INIT mysql
[ info ] [ VIEW ] D:\phpStudy\WWW\class_schedule\public/../application/index\view\index\search.html [ array (
  0 => 'text',
) ]
[ info ] [ LOG ] INIT File
[ sql ] [ DB ] CONNECT:[ UseTime:0.002000s ] mysql:host=127.0.0.1;dbname=class_schedule;charset=utf8
[ sql ] [ SQL ] SHOW COLUMNS FROM `schedule_info` [ RunTime:0.040002s ]
[ sql ] [ SQL ] SELECT * FROM `schedule_info` WHERE  `school_name` = '172' [ RunTime:0.002000s ]
[ sql ] [ SQL ] SELECT * FROM `schedule_info` WHERE  `class_name` = '172' [ RunTime:0.001001s ]
---------------------------------------------------------------
[ 2018-03-19T23:41:02+08:00 ] 127.0.0.1 GET /index/index/search.html
[ info ] class_schedule.com/index/index/search.html [运行时间：0.094005s][吞吐率：10.64req/s] [内存消耗：1,896.47kb] [文件加载：51]
[ info ] [ LANG ] D:\phpStudy\WWW\class_schedule\thinkphp\lang\zh-cn.php
[ info ] [ ROUTE ] array (
  'type' => 'module',
  'module' => 
  array (
    0 => 'index',
    1 => 'index',
    2 => 'search',
  ),
)
[ info ] [ HEADER ] array (
  'cookie' => '__guid=127036383.1031573903326984700.1520603706485.4617; CNZZDATA1253778100=1343299433-1520924350-http%253A%252F%252Fclass_schedule.com%252F%7C1520924350; PHPSESSID=1bke74s9dt38tgbtfti4dt36a7; monitor_count=3483',
  'accept-language' => 'zh-CN,zh;q=0.8',
  'accept-encoding' => 'gzip, deflate, sdch',
  'referer' => 'http://class_schedule.com/',
  'accept' => 'text/html,application/xhtml+xml,application/xml;q=0.9,image/webp,*/*;q=0.8',
  'user-agent' => 'Mozilla/5.0 (Windows NT 6.1; WOW64) AppleWebKit/537.36 (KHTML, like Gecko) Chrome/55.0.2883.87 Safari/537.36',
  'upgrade-insecure-requests' => '1',
  'cache-control' => 'max-age=0',
  'connection' => 'close',
  'host' => 'class_schedule.com',
)
[ info ] [ PARAM ] array (
  '/index/index/search_html' => '',
)
[ info ] [ RUN ] app\index\controller\Index->search[ D:\phpStudy\WWW\class_schedule\application\index\controller\Index.php ]
[ info ] [ SESSION ] INIT array (
  'id' => '',
  'var_session_id' => '',
  'prefix' => 'think',
  'type' => '',
  'auto_start' => true,
)
[ info ] [ DB ] INIT mysql
[ info ] [ VIEW ] D:\phpStudy\WWW\class_schedule\thinkphp\tpl\dispatch_jump.tpl [ array (
  0 => 'code',
  1 => 'msg',
  2 => 'data',
  3 => 'url',
  4 => 'wait',
) ]
[ info ] [ LOG ] INIT File
[ sql ] [ DB ] CONNECT:[ UseTime:0.001000s ] mysql:host=127.0.0.1;dbname=class_schedule;charset=utf8
[ sql ] [ SQL ] SHOW COLUMNS FROM `schedule_info` [ RunTime:0.026002s ]
[ sql ] [ SQL ] SELECT * FROM `schedule_info` WHERE  `school_name` IS NULL [ RunTime:0.001000s ]
[ sql ] [ SQL ] SELECT * FROM `schedule_info` WHERE  `class_name` IS NULL [ RunTime:0.001000s ]
---------------------------------------------------------------
[ 2018-03-19T23:41:04+08:00 ] 127.0.0.1 GET /
[ info ] class_schedule.com/ [运行时间：0.369021s][吞吐率：2.71req/s] [内存消耗：2,040.64kb] [文件加载：55]
[ info ] [ LANG ] D:\phpStudy\WWW\class_schedule\thinkphp\lang\zh-cn.php
[ info ] [ ROUTE ] array (
  'type' => 'module',
  'module' => 
  array (
    0 => '',
    1 => NULL,
    2 => NULL,
  ),
)
[ info ] [ HEADER ] array (
  'cookie' => '__guid=127036383.1031573903326984700.1520603706485.4617; CNZZDATA1253778100=1343299433-1520924350-http%253A%252F%252Fclass_schedule.com%252F%7C1520924350; PHPSESSID=1bke74s9dt38tgbtfti4dt36a7; monitor_count=3484',
  'accept-language' => 'zh-CN,zh;q=0.8',
  'accept-encoding' => 'gzip, deflate, sdch',
  'accept' => 'text/html,application/xhtml+xml,application/xml;q=0.9,image/webp,*/*;q=0.8',
  'user-agent' => 'Mozilla/5.0 (Windows NT 6.1; WOW64) AppleWebKit/537.36 (KHTML, like Gecko) Chrome/55.0.2883.87 Safari/537.36',
  'upgrade-insecure-requests' => '1',
  'connection' => 'close',
  'host' => 'class_schedule.com',
)
[ info ] [ PARAM ] array (
)
[ info ] [ RUN ] app\index\controller\Index->index[ D:\phpStudy\WWW\class_schedule\application\index\controller\Index.php ]
[ info ] [ SESSION ] INIT array (
  'id' => '',
  'var_session_id' => '',
  'prefix' => 'think',
  'type' => '',
  'auto_start' => true,
)
[ info ] [ DB ] INIT mysql
[ info ] [ VIEW ] D:\phpStudy\WWW\class_schedule\public/../application/index\view\index\index.html [ array (
  0 => 'sch_info',
  1 => 'updated',
  2 => 'mon',
  3 => 'tue',
  4 => 'wed',
  5 => 'thu',
  6 => 'fri',
  7 => 'sat',
  8 => 'sun',
  9 => 'schedule_id',
) ]
[ info ] [ LOG ] INIT File
[ sql ] [ DB ] CONNECT:[ UseTime:0.008001s ] mysql:host=127.0.0.1;dbname=class_schedule;charset=utf8
[ sql ] [ SQL ] SHOW COLUMNS FROM `schedule_info` [ RunTime:0.030002s ]
[ sql ] [ SQL ] SELECT * FROM `schedule_info` WHERE  `school_name` = '灵川中学'  AND `class_name` = '172' LIMIT 1 [ RunTime:0.001000s ]
[ sql ] [ SQL ] SHOW COLUMNS FROM `monday` [ RunTime:0.043002s ]
[ sql ] [ SQL ] SELECT * FROM `monday` WHERE  `monday_id` = 1 LIMIT 1 [ RunTime:0.006001s ]
[ sql ] [ SQL ] SHOW COLUMNS FROM `tuesday` [ RunTime:0.034002s ]
[ sql ] [ SQL ] SELECT * FROM `tuesday` WHERE  `tuesday_id` = 1 LIMIT 1 [ RunTime:0.002000s ]
[ sql ] [ SQL ] SHOW COLUMNS FROM `wednesday` [ RunTime:0.044002s ]
[ sql ] [ SQL ] SELECT * FROM `wednesday` WHERE  `wednesday_id` = 1 LIMIT 1 [ RunTime:0.001000s ]
[ sql ] [ SQL ] SHOW COLUMNS FROM `thursday` [ RunTime:0.034002s ]
[ sql ] [ SQL ] SELECT * FROM `thursday` WHERE  `thursday_id` = 1 LIMIT 1 [ RunTime:0.002001s ]
[ sql ] [ SQL ] SHOW COLUMNS FROM `friday` [ RunTime:0.034002s ]
[ sql ] [ SQL ] SELECT * FROM `friday` WHERE  `friday_id` = 1 LIMIT 1 [ RunTime:0.001000s ]
[ sql ] [ SQL ] SHOW COLUMNS FROM `saturday` [ RunTime:0.025001s ]
[ sql ] [ SQL ] SELECT * FROM `saturday` WHERE  `saturday_id` = 1 LIMIT 1 [ RunTime:0.001000s ]
[ sql ] [ SQL ] SHOW COLUMNS FROM `sunday` [ RunTime:0.029002s ]
[ sql ] [ SQL ] SELECT * FROM `sunday` WHERE  `sunday_id` = 1 LIMIT 1 [ RunTime:0.001000s ]
---------------------------------------------------------------
[ 2018-03-19T23:41:05+08:00 ] 127.0.0.1 POST /index/index/search_check.html
[ info ] class_schedule.com/index/index/search_check.html [运行时间：0.043003s][吞吐率：23.25req/s] [内存消耗：1,284.95kb] [文件加载：43]
[ info ] [ LANG ] D:\phpStudy\WWW\class_schedule\thinkphp\lang\zh-cn.php
[ info ] [ ROUTE ] array (
  'type' => 'module',
  'module' => 
  array (
    0 => 'index',
    1 => 'index',
    2 => 'search_check',
  ),
)
[ info ] [ HEADER ] array (
  'cookie' => '__guid=127036383.1031573903326984700.1520603706485.4617; CNZZDATA1253778100=1343299433-1520924350-http%253A%252F%252Fclass_schedule.com%252F%7C1520924350; PHPSESSID=1bke74s9dt38tgbtfti4dt36a7; monitor_count=3485',
  'accept-language' => 'zh-CN,zh;q=0.8',
  'accept-encoding' => 'gzip, deflate',
  'referer' => 'http://class_schedule.com/',
  'content-type' => 'application/x-www-form-urlencoded; charset=UTF-8',
  'user-agent' => 'Mozilla/5.0 (Windows NT 6.1; WOW64) AppleWebKit/537.36 (KHTML, like Gecko) Chrome/55.0.2883.87 Safari/537.36',
  'x-requested-with' => 'XMLHttpRequest',
  'origin' => 'http://class_schedule.com',
  'accept' => 'application/json, text/javascript, */*; q=0.01',
  'content-length' => '8',
  'connection' => 'close',
  'host' => 'class_schedule.com',
)
[ info ] [ PARAM ] array (
  '/index/index/search_check_html' => '',
  'text' => '172',
)
[ info ] [ RUN ] app\index\controller\Index->search_check[ D:\phpStudy\WWW\class_schedule\application\index\controller\Index.php ]
[ info ] [ SESSION ] INIT array (
  'id' => '',
  'var_session_id' => '',
  'prefix' => 'think',
  'type' => '',
  'auto_start' => true,
)
[ info ] [ LOG ] INIT File
---------------------------------------------------------------
[ 2018-03-19T23:41:06+08:00 ] 127.0.0.1 GET /index/index/search.html
[ info ] class_schedule.com/index/index/search.html [运行时间：0.143008s][吞吐率：6.99req/s] [内存消耗：2,022.44kb] [文件加载：52]
[ info ] [ LANG ] D:\phpStudy\WWW\class_schedule\thinkphp\lang\zh-cn.php
[ info ] [ ROUTE ] array (
  'type' => 'module',
  'module' => 
  array (
    0 => 'index',
    1 => 'index',
    2 => 'search',
  ),
)
[ info ] [ HEADER ] array (
  'cookie' => '__guid=127036383.1031573903326984700.1520603706485.4617; CNZZDATA1253778100=1343299433-1520924350-http%253A%252F%252Fclass_schedule.com%252F%7C1520924350; PHPSESSID=1bke74s9dt38tgbtfti4dt36a7; monitor_count=3485',
  'accept-language' => 'zh-CN,zh;q=0.8',
  'accept-encoding' => 'gzip, deflate, sdch',
  'referer' => 'http://class_schedule.com/',
  'accept' => 'text/html,application/xhtml+xml,application/xml;q=0.9,image/webp,*/*;q=0.8',
  'user-agent' => 'Mozilla/5.0 (Windows NT 6.1; WOW64) AppleWebKit/537.36 (KHTML, like Gecko) Chrome/55.0.2883.87 Safari/537.36',
  'upgrade-insecure-requests' => '1',
  'connection' => 'close',
  'host' => 'class_schedule.com',
)
[ info ] [ PARAM ] array (
  '/index/index/search_html' => '',
)
[ info ] [ RUN ] app\index\controller\Index->search[ D:\phpStudy\WWW\class_schedule\application\index\controller\Index.php ]
[ info ] [ SESSION ] INIT array (
  'id' => '',
  'var_session_id' => '',
  'prefix' => 'think',
  'type' => '',
  'auto_start' => true,
)
[ info ] [ DB ] INIT mysql
[ info ] [ VIEW ] D:\phpStudy\WWW\class_schedule\public/../application/index\view\index\search.html [ array (
  0 => 'text',
) ]
[ info ] [ LOG ] INIT File
[ sql ] [ DB ] CONNECT:[ UseTime:0.001000s ] mysql:host=127.0.0.1;dbname=class_schedule;charset=utf8
[ sql ] [ SQL ] SHOW COLUMNS FROM `schedule_info` [ RunTime:0.037002s ]
[ sql ] [ SQL ] SELECT * FROM `schedule_info` WHERE  `school_name` = '172' [ RunTime:0.002000s ]
[ sql ] [ SQL ] SELECT * FROM `schedule_info` WHERE  `class_name` = '172' [ RunTime:0.001000s ]
---------------------------------------------------------------
[ 2018-03-19T23:41:30+08:00 ] 127.0.0.1 GET /index/index/search.html
[ info ] class_schedule.com/index/index/search.html [运行时间：0.099006s][吞吐率：10.10req/s] [内存消耗：1,896.47kb] [文件加载：51]
[ info ] [ LANG ] D:\phpStudy\WWW\class_schedule\thinkphp\lang\zh-cn.php
[ info ] [ ROUTE ] array (
  'type' => 'module',
  'module' => 
  array (
    0 => 'index',
    1 => 'index',
    2 => 'search',
  ),
)
[ info ] [ HEADER ] array (
  'cookie' => '__guid=127036383.1031573903326984700.1520603706485.4617; CNZZDATA1253778100=1343299433-1520924350-http%253A%252F%252Fclass_schedule.com%252F%7C1520924350; PHPSESSID=1bke74s9dt38tgbtfti4dt36a7; monitor_count=3486',
  'accept-language' => 'zh-CN,zh;q=0.8',
  'accept-encoding' => 'gzip, deflate, sdch',
  'referer' => 'http://class_schedule.com/',
  'accept' => 'text/html,application/xhtml+xml,application/xml;q=0.9,image/webp,*/*;q=0.8',
  'user-agent' => 'Mozilla/5.0 (Windows NT 6.1; WOW64) AppleWebKit/537.36 (KHTML, like Gecko) Chrome/55.0.2883.87 Safari/537.36',
  'upgrade-insecure-requests' => '1',
  'cache-control' => 'max-age=0',
  'connection' => 'close',
  'host' => 'class_schedule.com',
)
[ info ] [ PARAM ] array (
  '/index/index/search_html' => '',
)
[ info ] [ RUN ] app\index\controller\Index->search[ D:\phpStudy\WWW\class_schedule\application\index\controller\Index.php ]
[ info ] [ SESSION ] INIT array (
  'id' => '',
  'var_session_id' => '',
  'prefix' => 'think',
  'type' => '',
  'auto_start' => true,
)
[ info ] [ DB ] INIT mysql
[ info ] [ VIEW ] D:\phpStudy\WWW\class_schedule\thinkphp\tpl\dispatch_jump.tpl [ array (
  0 => 'code',
  1 => 'msg',
  2 => 'data',
  3 => 'url',
  4 => 'wait',
) ]
[ info ] [ LOG ] INIT File
[ sql ] [ DB ] CONNECT:[ UseTime:0.001000s ] mysql:host=127.0.0.1;dbname=class_schedule;charset=utf8
[ sql ] [ SQL ] SHOW COLUMNS FROM `schedule_info` [ RunTime:0.028001s ]
[ sql ] [ SQL ] SELECT * FROM `schedule_info` WHERE  `school_name` IS NULL [ RunTime:0.001000s ]
[ sql ] [ SQL ] SELECT * FROM `schedule_info` WHERE  `class_name` IS NULL [ RunTime:0.001001s ]
---------------------------------------------------------------
[ 2018-03-19T23:41:33+08:00 ] 127.0.0.1 GET /
[ info ] class_schedule.com/ [运行时间：0.426024s][吞吐率：2.35req/s] [内存消耗：2,040.64kb] [文件加载：55]
[ info ] [ LANG ] D:\phpStudy\WWW\class_schedule\thinkphp\lang\zh-cn.php
[ info ] [ ROUTE ] array (
  'type' => 'module',
  'module' => 
  array (
    0 => '',
    1 => NULL,
    2 => NULL,
  ),
)
[ info ] [ HEADER ] array (
  'cookie' => '__guid=127036383.1031573903326984700.1520603706485.4617; CNZZDATA1253778100=1343299433-1520924350-http%253A%252F%252Fclass_schedule.com%252F%7C1520924350; PHPSESSID=1bke74s9dt38tgbtfti4dt36a7; monitor_count=3487',
  'accept-language' => 'zh-CN,zh;q=0.8',
  'accept-encoding' => 'gzip, deflate, sdch',
  'accept' => 'text/html,application/xhtml+xml,application/xml;q=0.9,image/webp,*/*;q=0.8',
  'user-agent' => 'Mozilla/5.0 (Windows NT 6.1; WOW64) AppleWebKit/537.36 (KHTML, like Gecko) Chrome/55.0.2883.87 Safari/537.36',
  'upgrade-insecure-requests' => '1',
  'connection' => 'close',
  'host' => 'class_schedule.com',
)
[ info ] [ PARAM ] array (
)
[ info ] [ RUN ] app\index\controller\Index->index[ D:\phpStudy\WWW\class_schedule\application\index\controller\Index.php ]
[ info ] [ SESSION ] INIT array (
  'id' => '',
  'var_session_id' => '',
  'prefix' => 'think',
  'type' => '',
  'auto_start' => true,
)
[ info ] [ DB ] INIT mysql
[ info ] [ VIEW ] D:\phpStudy\WWW\class_schedule\public/../application/index\view\index\index.html [ array (
  0 => 'sch_info',
  1 => 'updated',
  2 => 'mon',
  3 => 'tue',
  4 => 'wed',
  5 => 'thu',
  6 => 'fri',
  7 => 'sat',
  8 => 'sun',
  9 => 'schedule_id',
) ]
[ info ] [ LOG ] INIT File
[ sql ] [ DB ] CONNECT:[ UseTime:0.002000s ] mysql:host=127.0.0.1;dbname=class_schedule;charset=utf8
[ sql ] [ SQL ] SHOW COLUMNS FROM `schedule_info` [ RunTime:0.032002s ]
[ sql ] [ SQL ] SELECT * FROM `schedule_info` WHERE  `school_name` = '灵川中学'  AND `class_name` = '172' LIMIT 1 [ RunTime:0.001000s ]
[ sql ] [ SQL ] SHOW COLUMNS FROM `monday` [ RunTime:0.030002s ]
[ sql ] [ SQL ] SELECT * FROM `monday` WHERE  `monday_id` = 1 LIMIT 1 [ RunTime:0.001000s ]
[ sql ] [ SQL ] SHOW COLUMNS FROM `tuesday` [ RunTime:0.047002s ]
[ sql ] [ SQL ] SELECT * FROM `tuesday` WHERE  `tuesday_id` = 1 LIMIT 1 [ RunTime:0.001000s ]
[ sql ] [ SQL ] SHOW COLUMNS FROM `wednesday` [ RunTime:0.038002s ]
[ sql ] [ SQL ] SELECT * FROM `wednesday` WHERE  `wednesday_id` = 1 LIMIT 1 [ RunTime:0.001000s ]
[ sql ] [ SQL ] SHOW COLUMNS FROM `thursday` [ RunTime:0.039002s ]
[ sql ] [ SQL ] SELECT * FROM `thursday` WHERE  `thursday_id` = 1 LIMIT 1 [ RunTime:0.002000s ]
[ sql ] [ SQL ] SHOW COLUMNS FROM `friday` [ RunTime:0.033002s ]
[ sql ] [ SQL ] SELECT * FROM `friday` WHERE  `friday_id` = 1 LIMIT 1 [ RunTime:0.001000s ]
[ sql ] [ SQL ] SHOW COLUMNS FROM `saturday` [ RunTime:0.049003s ]
[ sql ] [ SQL ] SELECT * FROM `saturday` WHERE  `saturday_id` = 1 LIMIT 1 [ RunTime:0.001000s ]
[ sql ] [ SQL ] SHOW COLUMNS FROM `sunday` [ RunTime:0.055003s ]
[ sql ] [ SQL ] SELECT * FROM `sunday` WHERE  `sunday_id` = 1 LIMIT 1 [ RunTime:0.004001s ]
---------------------------------------------------------------
[ 2018-03-19T23:41:34+08:00 ] 127.0.0.1 POST /index/index/search_check.html
[ info ] class_schedule.com/index/index/search_check.html [运行时间：0.056003s][吞吐率：17.86req/s] [内存消耗：1,284.95kb] [文件加载：43]
[ info ] [ LANG ] D:\phpStudy\WWW\class_schedule\thinkphp\lang\zh-cn.php
[ info ] [ ROUTE ] array (
  'type' => 'module',
  'module' => 
  array (
    0 => 'index',
    1 => 'index',
    2 => 'search_check',
  ),
)
[ info ] [ HEADER ] array (
  'cookie' => '__guid=127036383.1031573903326984700.1520603706485.4617; CNZZDATA1253778100=1343299433-1520924350-http%253A%252F%252Fclass_schedule.com%252F%7C1520924350; PHPSESSID=1bke74s9dt38tgbtfti4dt36a7; monitor_count=3488',
  'accept-language' => 'zh-CN,zh;q=0.8',
  'accept-encoding' => 'gzip, deflate',
  'referer' => 'http://class_schedule.com/',
  'content-type' => 'application/x-www-form-urlencoded; charset=UTF-8',
  'user-agent' => 'Mozilla/5.0 (Windows NT 6.1; WOW64) AppleWebKit/537.36 (KHTML, like Gecko) Chrome/55.0.2883.87 Safari/537.36',
  'x-requested-with' => 'XMLHttpRequest',
  'origin' => 'http://class_schedule.com',
  'accept' => 'application/json, text/javascript, */*; q=0.01',
  'content-length' => '8',
  'connection' => 'close',
  'host' => 'class_schedule.com',
)
[ info ] [ PARAM ] array (
  '/index/index/search_check_html' => '',
  'text' => '172',
)
[ info ] [ RUN ] app\index\controller\Index->search_check[ D:\phpStudy\WWW\class_schedule\application\index\controller\Index.php ]
[ info ] [ SESSION ] INIT array (
  'id' => '',
  'var_session_id' => '',
  'prefix' => 'think',
  'type' => '',
  'auto_start' => true,
)
[ info ] [ LOG ] INIT File
---------------------------------------------------------------
[ 2018-03-19T23:41:34+08:00 ] 127.0.0.1 GET /index/index/search.html
[ info ] class_schedule.com/index/index/search.html [运行时间：0.105006s][吞吐率：9.52req/s] [内存消耗：2,022.84kb] [文件加载：52]
[ info ] [ LANG ] D:\phpStudy\WWW\class_schedule\thinkphp\lang\zh-cn.php
[ info ] [ ROUTE ] array (
  'type' => 'module',
  'module' => 
  array (
    0 => 'index',
    1 => 'index',
    2 => 'search',
  ),
)
[ info ] [ HEADER ] array (
  'cookie' => '__guid=127036383.1031573903326984700.1520603706485.4617; CNZZDATA1253778100=1343299433-1520924350-http%253A%252F%252Fclass_schedule.com%252F%7C1520924350; PHPSESSID=1bke74s9dt38tgbtfti4dt36a7; monitor_count=3488',
  'accept-language' => 'zh-CN,zh;q=0.8',
  'accept-encoding' => 'gzip, deflate, sdch',
  'referer' => 'http://class_schedule.com/',
  'accept' => 'text/html,application/xhtml+xml,application/xml;q=0.9,image/webp,*/*;q=0.8',
  'user-agent' => 'Mozilla/5.0 (Windows NT 6.1; WOW64) AppleWebKit/537.36 (KHTML, like Gecko) Chrome/55.0.2883.87 Safari/537.36',
  'upgrade-insecure-requests' => '1',
  'connection' => 'close',
  'host' => 'class_schedule.com',
)
[ info ] [ PARAM ] array (
  '/index/index/search_html' => '',
)
[ info ] [ RUN ] app\index\controller\Index->search[ D:\phpStudy\WWW\class_schedule\application\index\controller\Index.php ]
[ info ] [ SESSION ] INIT array (
  'id' => '',
  'var_session_id' => '',
  'prefix' => 'think',
  'type' => '',
  'auto_start' => true,
)
[ info ] [ DB ] INIT mysql
[ info ] [ VIEW ] D:\phpStudy\WWW\class_schedule\public/../application/index\view\index\search.html [ array (
  0 => 'text',
) ]
[ info ] [ LOG ] INIT File
[ sql ] [ DB ] CONNECT:[ UseTime:0.002000s ] mysql:host=127.0.0.1;dbname=class_schedule;charset=utf8
[ sql ] [ SQL ] SHOW COLUMNS FROM `schedule_info` [ RunTime:0.029002s ]
[ sql ] [ SQL ] SELECT * FROM `schedule_info` WHERE  `school_name` = '172' [ RunTime:0.001000s ]
[ sql ] [ SQL ] SELECT * FROM `schedule_info` WHERE  `class_name` = '172' [ RunTime:0.001000s ]
---------------------------------------------------------------
[ 2018-03-19T23:42:52+08:00 ] 127.0.0.1 GET /index/index/search.html
[ info ] class_schedule.com/index/index/search.html [运行时间：0.140008s][吞吐率：7.14req/s] [内存消耗：1,896.23kb] [文件加载：51]
[ info ] [ LANG ] D:\phpStudy\WWW\class_schedule\thinkphp\lang\zh-cn.php
[ info ] [ ROUTE ] array (
  'type' => 'module',
  'module' => 
  array (
    0 => 'index',
    1 => 'index',
    2 => 'search',
  ),
)
[ info ] [ HEADER ] array (
  'cookie' => '__guid=127036383.1031573903326984700.1520603706485.4617; CNZZDATA1253778100=1343299433-1520924350-http%253A%252F%252Fclass_schedule.com%252F%7C1520924350; PHPSESSID=1bke74s9dt38tgbtfti4dt36a7; monitor_count=3489',
  'accept-language' => 'zh-CN,zh;q=0.8',
  'accept-encoding' => 'gzip, deflate, sdch',
  'referer' => 'http://class_schedule.com/',
  'accept' => 'text/html,application/xhtml+xml,application/xml;q=0.9,image/webp,*/*;q=0.8',
  'user-agent' => 'Mozilla/5.0 (Windows NT 6.1; WOW64) AppleWebKit/537.36 (KHTML, like Gecko) Chrome/55.0.2883.87 Safari/537.36',
  'upgrade-insecure-requests' => '1',
  'cache-control' => 'max-age=0',
  'connection' => 'close',
  'host' => 'class_schedule.com',
)
[ info ] [ PARAM ] array (
  '/index/index/search_html' => '',
)
[ info ] [ RUN ] app\index\controller\Index->search[ D:\phpStudy\WWW\class_schedule\application\index\controller\Index.php ]
[ info ] [ SESSION ] INIT array (
  'id' => '',
  'var_session_id' => '',
  'prefix' => 'think',
  'type' => '',
  'auto_start' => true,
)
[ info ] [ DB ] INIT mysql
[ info ] [ VIEW ] D:\phpStudy\WWW\class_schedule\thinkphp\tpl\dispatch_jump.tpl [ array (
  0 => 'code',
  1 => 'msg',
  2 => 'data',
  3 => 'url',
  4 => 'wait',
) ]
[ info ] [ LOG ] INIT File
[ sql ] [ DB ] CONNECT:[ UseTime:0.011000s ] mysql:host=127.0.0.1;dbname=class_schedule;charset=utf8
[ sql ] [ SQL ] SHOW COLUMNS FROM `schedule_info` [ RunTime:0.038002s ]
[ sql ] [ SQL ] SELECT * FROM `schedule_info` WHERE  `school_name` IS NULL [ RunTime:0.002000s ]
[ sql ] [ SQL ] SELECT * FROM `schedule_info` WHERE  `class_name` IS NULL [ RunTime:0.002000s ]
---------------------------------------------------------------
[ 2018-03-19T23:42:54+08:00 ] 127.0.0.1 GET /
[ info ] class_schedule.com/ [运行时间：0.352020s][吞吐率：2.84req/s] [内存消耗：2,040.48kb] [文件加载：55]
[ info ] [ LANG ] D:\phpStudy\WWW\class_schedule\thinkphp\lang\zh-cn.php
[ info ] [ ROUTE ] array (
  'type' => 'module',
  'module' => 
  array (
    0 => '',
    1 => NULL,
    2 => NULL,
  ),
)
[ info ] [ HEADER ] array (
  'cookie' => '__guid=127036383.1031573903326984700.1520603706485.4617; CNZZDATA1253778100=1343299433-1520924350-http%253A%252F%252Fclass_schedule.com%252F%7C1520924350; PHPSESSID=1bke74s9dt38tgbtfti4dt36a7; monitor_count=3490',
  'accept-language' => 'zh-CN,zh;q=0.8',
  'accept-encoding' => 'gzip, deflate, sdch',
  'accept' => 'text/html,application/xhtml+xml,application/xml;q=0.9,image/webp,*/*;q=0.8',
  'user-agent' => 'Mozilla/5.0 (Windows NT 6.1; WOW64) AppleWebKit/537.36 (KHTML, like Gecko) Chrome/55.0.2883.87 Safari/537.36',
  'upgrade-insecure-requests' => '1',
  'connection' => 'close',
  'host' => 'class_schedule.com',
)
[ info ] [ PARAM ] array (
)
[ info ] [ RUN ] app\index\controller\Index->index[ D:\phpStudy\WWW\class_schedule\application\index\controller\Index.php ]
[ info ] [ SESSION ] INIT array (
  'id' => '',
  'var_session_id' => '',
  'prefix' => 'think',
  'type' => '',
  'auto_start' => true,
)
[ info ] [ DB ] INIT mysql
[ info ] [ VIEW ] D:\phpStudy\WWW\class_schedule\public/../application/index\view\index\index.html [ array (
  0 => 'sch_info',
  1 => 'updated',
  2 => 'mon',
  3 => 'tue',
  4 => 'wed',
  5 => 'thu',
  6 => 'fri',
  7 => 'sat',
  8 => 'sun',
  9 => 'schedule_id',
) ]
[ info ] [ LOG ] INIT File
[ sql ] [ DB ] CONNECT:[ UseTime:0.002000s ] mysql:host=127.0.0.1;dbname=class_schedule;charset=utf8
[ sql ] [ SQL ] SHOW COLUMNS FROM `schedule_info` [ RunTime:0.037002s ]
[ sql ] [ SQL ] SELECT * FROM `schedule_info` WHERE  `school_name` = '灵川中学'  AND `class_name` = '172' LIMIT 1 [ RunTime:0.001000s ]
[ sql ] [ SQL ] SHOW COLUMNS FROM `monday` [ RunTime:0.029002s ]
[ sql ] [ SQL ] SELECT * FROM `monday` WHERE  `monday_id` = 1 LIMIT 1 [ RunTime:0.002000s ]
[ sql ] [ SQL ] SHOW COLUMNS FROM `tuesday` [ RunTime:0.032002s ]
[ sql ] [ SQL ] SELECT * FROM `tuesday` WHERE  `tuesday_id` = 1 LIMIT 1 [ RunTime:0.001000s ]
[ sql ] [ SQL ] SHOW COLUMNS FROM `wednesday` [ RunTime:0.034002s ]
[ sql ] [ SQL ] SELECT * FROM `wednesday` WHERE  `wednesday_id` = 1 LIMIT 1 [ RunTime:0.000000s ]
[ sql ] [ SQL ] SHOW COLUMNS FROM `thursday` [ RunTime:0.031002s ]
[ sql ] [ SQL ] SELECT * FROM `thursday` WHERE  `thursday_id` = 1 LIMIT 1 [ RunTime:0.001000s ]
[ sql ] [ SQL ] SHOW COLUMNS FROM `friday` [ RunTime:0.034002s ]
[ sql ] [ SQL ] SELECT * FROM `friday` WHERE  `friday_id` = 1 LIMIT 1 [ RunTime:0.001000s ]
[ sql ] [ SQL ] SHOW COLUMNS FROM `saturday` [ RunTime:0.035002s ]
[ sql ] [ SQL ] SELECT * FROM `saturday` WHERE  `saturday_id` = 1 LIMIT 1 [ RunTime:0.001000s ]
[ sql ] [ SQL ] SHOW COLUMNS FROM `sunday` [ RunTime:0.029002s ]
[ sql ] [ SQL ] SELECT * FROM `sunday` WHERE  `sunday_id` = 1 LIMIT 1 [ RunTime:0.001000s ]
---------------------------------------------------------------
[ 2018-03-19T23:42:56+08:00 ] 127.0.0.1 POST /index/index/search_check.html
[ info ] class_schedule.com/index/index/search_check.html [运行时间：0.049003s][吞吐率：20.41req/s] [内存消耗：1,284.77kb] [文件加载：43]
[ info ] [ LANG ] D:\phpStudy\WWW\class_schedule\thinkphp\lang\zh-cn.php
[ info ] [ ROUTE ] array (
  'type' => 'module',
  'module' => 
  array (
    0 => 'index',
    1 => 'index',
    2 => 'search_check',
  ),
)
[ info ] [ HEADER ] array (
  'cookie' => '__guid=127036383.1031573903326984700.1520603706485.4617; CNZZDATA1253778100=1343299433-1520924350-http%253A%252F%252Fclass_schedule.com%252F%7C1520924350; PHPSESSID=1bke74s9dt38tgbtfti4dt36a7; monitor_count=3491',
  'accept-language' => 'zh-CN,zh;q=0.8',
  'accept-encoding' => 'gzip, deflate',
  'referer' => 'http://class_schedule.com/',
  'content-type' => 'application/x-www-form-urlencoded; charset=UTF-8',
  'user-agent' => 'Mozilla/5.0 (Windows NT 6.1; WOW64) AppleWebKit/537.36 (KHTML, like Gecko) Chrome/55.0.2883.87 Safari/537.36',
  'x-requested-with' => 'XMLHttpRequest',
  'origin' => 'http://class_schedule.com',
  'accept' => 'application/json, text/javascript, */*; q=0.01',
  'content-length' => '8',
  'connection' => 'close',
  'host' => 'class_schedule.com',
)
[ info ] [ PARAM ] array (
  '/index/index/search_check_html' => '',
  'text' => '172',
)
[ info ] [ RUN ] app\index\controller\Index->search_check[ D:\phpStudy\WWW\class_schedule\application\index\controller\Index.php ]
[ info ] [ SESSION ] INIT array (
  'id' => '',
  'var_session_id' => '',
  'prefix' => 'think',
  'type' => '',
  'auto_start' => true,
)
[ info ] [ LOG ] INIT File
---------------------------------------------------------------
[ 2018-03-19T23:42:56+08:00 ] 127.0.0.1 GET /index/index/search.html
[ info ] class_schedule.com/index/index/search.html [运行时间：0.143008s][吞吐率：6.99req/s] [内存消耗：1,906.77kb] [文件加载：50]
[ info ] [ LANG ] D:\phpStudy\WWW\class_schedule\thinkphp\lang\zh-cn.php
[ info ] [ ROUTE ] array (
  'type' => 'module',
  'module' => 
  array (
    0 => 'index',
    1 => 'index',
    2 => 'search',
  ),
)
[ info ] [ HEADER ] array (
  'cookie' => '__guid=127036383.1031573903326984700.1520603706485.4617; CNZZDATA1253778100=1343299433-1520924350-http%253A%252F%252Fclass_schedule.com%252F%7C1520924350; PHPSESSID=1bke74s9dt38tgbtfti4dt36a7; monitor_count=3491',
  'accept-language' => 'zh-CN,zh;q=0.8',
  'accept-encoding' => 'gzip, deflate, sdch',
  'referer' => 'http://class_schedule.com/',
  'accept' => 'text/html,application/xhtml+xml,application/xml;q=0.9,image/webp,*/*;q=0.8',
  'user-agent' => 'Mozilla/5.0 (Windows NT 6.1; WOW64) AppleWebKit/537.36 (KHTML, like Gecko) Chrome/55.0.2883.87 Safari/537.36',
  'upgrade-insecure-requests' => '1',
  'connection' => 'close',
  'host' => 'class_schedule.com',
)
[ info ] [ PARAM ] array (
  '/index/index/search_html' => '',
)
[ info ] [ RUN ] app\index\controller\Index->search[ D:\phpStudy\WWW\class_schedule\application\index\controller\Index.php ]
[ info ] [ SESSION ] INIT array (
  'id' => '',
  'var_session_id' => '',
  'prefix' => 'think',
  'type' => '',
  'auto_start' => true,
)
[ info ] [ DB ] INIT mysql
[ info ] [ VIEW ] D:\phpStudy\WWW\class_schedule\public/../application/index\view\index\search.html [ array (
  0 => 'text',
) ]
[ info ] [ LOG ] INIT File
[ sql ] [ DB ] CONNECT:[ UseTime:0.002000s ] mysql:host=127.0.0.1;dbname=class_schedule;charset=utf8
[ sql ] [ SQL ] SHOW COLUMNS FROM `schedule_info` [ RunTime:0.065004s ]
[ sql ] [ SQL ] SELECT * FROM `schedule_info` WHERE  `school_name` = '172' [ RunTime:0.002000s ]
[ sql ] [ SQL ] SELECT * FROM `schedule_info` WHERE  `class_name` = '172' [ RunTime:0.002000s ]
---------------------------------------------------------------
[ 2018-03-19T23:42:57+08:00 ] 127.0.0.1 GET /index/index/search.html
[ info ] class_schedule.com/index/index/search.html [运行时间：0.126007s][吞吐率：7.94req/s] [内存消耗：1,906.84kb] [文件加载：50]
[ info ] [ LANG ] D:\phpStudy\WWW\class_schedule\thinkphp\lang\zh-cn.php
[ info ] [ ROUTE ] array (
  'type' => 'module',
  'module' => 
  array (
    0 => 'index',
    1 => 'index',
    2 => 'search',
  ),
)
[ info ] [ HEADER ] array (
  'cookie' => '__guid=127036383.1031573903326984700.1520603706485.4617; CNZZDATA1253778100=1343299433-1520924350-http%253A%252F%252Fclass_schedule.com%252F%7C1520924350; PHPSESSID=1bke74s9dt38tgbtfti4dt36a7; monitor_count=3492',
  'accept-language' => 'zh-CN,zh;q=0.8',
  'accept-encoding' => 'gzip, deflate, sdch',
  'referer' => 'http://class_schedule.com/',
  'accept' => 'text/html,application/xhtml+xml,application/xml;q=0.9,image/webp,*/*;q=0.8',
  'user-agent' => 'Mozilla/5.0 (Windows NT 6.1; WOW64) AppleWebKit/537.36 (KHTML, like Gecko) Chrome/55.0.2883.87 Safari/537.36',
  'upgrade-insecure-requests' => '1',
  'cache-control' => 'max-age=0',
  'connection' => 'close',
  'host' => 'class_schedule.com',
)
[ info ] [ PARAM ] array (
  '/index/index/search_html' => '',
)
[ info ] [ RUN ] app\index\controller\Index->search[ D:\phpStudy\WWW\class_schedule\application\index\controller\Index.php ]
[ info ] [ SESSION ] INIT array (
  'id' => '',
  'var_session_id' => '',
  'prefix' => 'think',
  'type' => '',
  'auto_start' => true,
)
[ info ] [ DB ] INIT mysql
[ info ] [ VIEW ] D:\phpStudy\WWW\class_schedule\public/../application/index\view\index\search.html [ array (
  0 => 'text',
) ]
[ info ] [ LOG ] INIT File
[ sql ] [ DB ] CONNECT:[ UseTime:0.002000s ] mysql:host=127.0.0.1;dbname=class_schedule;charset=utf8
[ sql ] [ SQL ] SHOW COLUMNS FROM `schedule_info` [ RunTime:0.043002s ]
[ sql ] [ SQL ] SELECT * FROM `schedule_info` WHERE  `school_name` = '172' [ RunTime:0.001000s ]
[ sql ] [ SQL ] SELECT * FROM `schedule_info` WHERE  `class_name` = '172' [ RunTime:0.001000s ]
---------------------------------------------------------------
[ 2018-03-19T23:48:08+08:00 ] 127.0.0.1 GET /index/index/search.html
[ info ] class_schedule.com/index/index/search.html [运行时间：0.126008s][吞吐率：7.94req/s] [内存消耗：2,023.34kb] [文件加载：52]
[ info ] [ LANG ] D:\phpStudy\WWW\class_schedule\thinkphp\lang\zh-cn.php
[ info ] [ ROUTE ] array (
  'type' => 'module',
  'module' => 
  array (
    0 => 'index',
    1 => 'index',
    2 => 'search',
  ),
)
[ info ] [ HEADER ] array (
  'cookie' => '__guid=127036383.1031573903326984700.1520603706485.4617; CNZZDATA1253778100=1343299433-1520924350-http%253A%252F%252Fclass_schedule.com%252F%7C1520924350; PHPSESSID=1bke74s9dt38tgbtfti4dt36a7; monitor_count=3493',
  'accept-language' => 'zh-CN,zh;q=0.8',
  'accept-encoding' => 'gzip, deflate, sdch',
  'referer' => 'http://class_schedule.com/',
  'accept' => 'text/html,application/xhtml+xml,application/xml;q=0.9,image/webp,*/*;q=0.8',
  'user-agent' => 'Mozilla/5.0 (Windows NT 6.1; WOW64) AppleWebKit/537.36 (KHTML, like Gecko) Chrome/55.0.2883.87 Safari/537.36',
  'upgrade-insecure-requests' => '1',
  'cache-control' => 'max-age=0',
  'connection' => 'close',
  'host' => 'class_schedule.com',
)
[ info ] [ PARAM ] array (
  '/index/index/search_html' => '',
)
[ info ] [ RUN ] app\index\controller\Index->search[ D:\phpStudy\WWW\class_schedule\application\index\controller\Index.php ]
[ info ] [ SESSION ] INIT array (
  'id' => '',
  'var_session_id' => '',
  'prefix' => 'think',
  'type' => '',
  'auto_start' => true,
)
[ info ] [ DB ] INIT mysql
[ info ] [ VIEW ] D:\phpStudy\WWW\class_schedule\public/../application/index\view\index\search.html [ array (
  0 => 'text',
) ]
[ info ] [ LOG ] INIT File
[ sql ] [ DB ] CONNECT:[ UseTime:0.005000s ] mysql:host=127.0.0.1;dbname=class_schedule;charset=utf8
[ sql ] [ SQL ] SHOW COLUMNS FROM `schedule_info` [ RunTime:0.038002s ]
[ sql ] [ SQL ] SELECT * FROM `schedule_info` WHERE  `school_name` = '172' [ RunTime:0.001000s ]
[ sql ] [ SQL ] SELECT * FROM `schedule_info` WHERE  `class_name` = '172' [ RunTime:0.003001s ]
---------------------------------------------------------------
[ 2018-03-19T23:57:00+08:00 ] 127.0.0.1 GET /index/index/search.html
[ info ] class_schedule.com/index/index/search.html [运行时间：0.103006s][吞吐率：9.71req/s] [内存消耗：1,907.60kb] [文件加载：50]
[ info ] [ LANG ] D:\phpStudy\WWW\class_schedule\thinkphp\lang\zh-cn.php
[ info ] [ ROUTE ] array (
  'type' => 'module',
  'module' => 
  array (
    0 => 'index',
    1 => 'index',
    2 => 'search',
  ),
)
[ info ] [ HEADER ] array (
  'cookie' => '__guid=127036383.1031573903326984700.1520603706485.4617; CNZZDATA1253778100=1343299433-1520924350-http%253A%252F%252Fclass_schedule.com%252F%7C1520924350; PHPSESSID=1bke74s9dt38tgbtfti4dt36a7; monitor_count=3494',
  'accept-language' => 'zh-CN,zh;q=0.8',
  'accept-encoding' => 'gzip, deflate, sdch',
  'referer' => 'http://class_schedule.com/',
  'accept' => 'text/html,application/xhtml+xml,application/xml;q=0.9,image/webp,*/*;q=0.8',
  'user-agent' => 'Mozilla/5.0 (Windows NT 6.1; WOW64) AppleWebKit/537.36 (KHTML, like Gecko) Chrome/55.0.2883.87 Safari/537.36',
  'upgrade-insecure-requests' => '1',
  'cache-control' => 'max-age=0',
  'connection' => 'close',
  'host' => 'class_schedule.com',
)
[ info ] [ PARAM ] array (
  '/index/index/search_html' => '',
)
[ info ] [ RUN ] app\index\controller\Index->search[ D:\phpStudy\WWW\class_schedule\application\index\controller\Index.php ]
[ info ] [ SESSION ] INIT array (
  'id' => '',
  'var_session_id' => '',
  'prefix' => 'think',
  'type' => '',
  'auto_start' => true,
)
[ info ] [ DB ] INIT mysql
[ info ] [ VIEW ] D:\phpStudy\WWW\class_schedule\public/../application/index\view\index\search.html [ array (
  0 => 'text',
) ]
[ info ] [ LOG ] INIT File
[ sql ] [ DB ] CONNECT:[ UseTime:0.005000s ] mysql:host=127.0.0.1;dbname=class_schedule;charset=utf8
[ sql ] [ SQL ] SHOW COLUMNS FROM `schedule_info` [ RunTime:0.029002s ]
[ sql ] [ SQL ] SELECT * FROM `schedule_info` WHERE  `school_name` = '172' [ RunTime:0.001000s ]
[ sql ] [ SQL ] SELECT * FROM `schedule_info` WHERE  `class_name` = '172' [ RunTime:0.000000s ]
---------------------------------------------------------------
[ 2018-03-19T23:58:15+08:00 ] 127.0.0.1 GET /index/index/search.html
[ info ] class_schedule.com/index/index/search.html [运行时间：0.114006s][吞吐率：8.77req/s] [内存消耗：1,936.25kb] [文件加载：54]
[ info ] [ LANG ] D:\phpStudy\WWW\class_schedule\thinkphp\lang\zh-cn.php
[ info ] [ ROUTE ] array (
  'type' => 'module',
  'module' => 
  array (
    0 => 'index',
    1 => 'index',
    2 => 'search',
  ),
)
[ info ] [ HEADER ] array (
  'cookie' => '__guid=127036383.1031573903326984700.1520603706485.4617; CNZZDATA1253778100=1343299433-1520924350-http%253A%252F%252Fclass_schedule.com%252F%7C1520924350; PHPSESSID=1bke74s9dt38tgbtfti4dt36a7; monitor_count=3495',
  'accept-language' => 'zh-CN,zh;q=0.8',
  'accept-encoding' => 'gzip, deflate, sdch',
  'referer' => 'http://class_schedule.com/',
  'accept' => 'text/html,application/xhtml+xml,application/xml;q=0.9,image/webp,*/*;q=0.8',
  'user-agent' => 'Mozilla/5.0 (Windows NT 6.1; WOW64) AppleWebKit/537.36 (KHTML, like Gecko) Chrome/55.0.2883.87 Safari/537.36',
  'upgrade-insecure-requests' => '1',
  'cache-control' => 'max-age=0',
  'connection' => 'close',
  'host' => 'class_schedule.com',
)
[ info ] [ PARAM ] array (
  '/index/index/search_html' => '',
)
[ info ] [ RUN ] app\index\controller\Index->search[ D:\phpStudy\WWW\class_schedule\application\index\controller\Index.php ]
[ info ] [ SESSION ] INIT array (
  'id' => '',
  'var_session_id' => '',
  'prefix' => 'think',
  'type' => '',
  'auto_start' => true,
)
[ info ] [ DB ] INIT mysql
[ info ] [ LOG ] INIT File
[ sql ] [ DB ] CONNECT:[ UseTime:0.010000s ] mysql:host=127.0.0.1;dbname=class_schedule;charset=utf8
[ sql ] [ SQL ] SHOW COLUMNS FROM `schedule_info` [ RunTime:0.032002s ]
[ sql ] [ SQL ] SELECT * FROM `schedule_info` WHERE  `school_name` = '172' [ RunTime:0.001000s ]
[ sql ] [ SQL ] SELECT * FROM `schedule_info` WHERE  `class_name` = '172' [ RunTime:0.001000s ]
[ error ] [8]未定义数组索引: updated_at[D:\phpStudy\WWW\class_schedule\application\index\controller\Index.php:134]
---------------------------------------------------------------
[ 2018-03-19T23:59:45+08:00 ] 127.0.0.1 GET /index/index/search.html
[ info ] class_schedule.com/index/index/search.html [运行时间：0.108006s][吞吐率：9.26req/s] [内存消耗：1,935.65kb] [文件加载：54]
[ info ] [ LANG ] D:\phpStudy\WWW\class_schedule\thinkphp\lang\zh-cn.php
[ info ] [ ROUTE ] array (
  'type' => 'module',
  'module' => 
  array (
    0 => 'index',
    1 => 'index',
    2 => 'search',
  ),
)
[ info ] [ HEADER ] array (
  'cookie' => '__guid=127036383.1031573903326984700.1520603706485.4617; CNZZDATA1253778100=1343299433-1520924350-http%253A%252F%252Fclass_schedule.com%252F%7C1520924350; PHPSESSID=1bke74s9dt38tgbtfti4dt36a7; monitor_count=3496',
  'accept-language' => 'zh-CN,zh;q=0.8',
  'accept-encoding' => 'gzip, deflate, sdch',
  'referer' => 'http://class_schedule.com/',
  'accept' => 'text/html,application/xhtml+xml,application/xml;q=0.9,image/webp,*/*;q=0.8',
  'user-agent' => 'Mozilla/5.0 (Windows NT 6.1; WOW64) AppleWebKit/537.36 (KHTML, like Gecko) Chrome/55.0.2883.87 Safari/537.36',
  'upgrade-insecure-requests' => '1',
  'cache-control' => 'max-age=0',
  'connection' => 'close',
  'host' => 'class_schedule.com',
)
[ info ] [ PARAM ] array (
  '/index/index/search_html' => '',
)
[ info ] [ RUN ] app\index\controller\Index->search[ D:\phpStudy\WWW\class_schedule\application\index\controller\Index.php ]
[ info ] [ SESSION ] INIT array (
  'id' => '',
  'var_session_id' => '',
  'prefix' => 'think',
  'type' => '',
  'auto_start' => true,
)
[ info ] [ DB ] INIT mysql
[ info ] [ LOG ] INIT File
[ sql ] [ DB ] CONNECT:[ UseTime:0.003000s ] mysql:host=127.0.0.1;dbname=class_schedule;charset=utf8
[ sql ] [ SQL ] SHOW COLUMNS FROM `schedule_info` [ RunTime:0.035002s ]
[ sql ] [ SQL ] SELECT * FROM `schedule_info` WHERE  `school_name` = '172' [ RunTime:0.001000s ]
[ sql ] [ SQL ] SELECT * FROM `schedule_info` WHERE  `class_name` = '172' [ RunTime:0.001000s ]
[ error ] [8]未定义数组索引: updated_at[D:\phpStudy\WWW\class_schedule\application\index\controller\Index.php:134]
